<?xml version="1.0" encoding="UTF-8"?>
<!-- Generated by org.testng.reporters.JUnitReportReporter -->
<testsuite hostname="Rajeev-PC" name="testNG.NewTest" tests="2" failures="0" timestamp="28 Mar 2021 11:15:57 GMT" time="16.779" errors="0">
  <testcase name="FLogin" time="2.018" classname="testNG.NewTest"/>
  <testcase name="GetPageTitle" time="14.761" classname="testNG.NewTest"/>
</testsuite> <!-- testNG.NewTest -->
